<?xml version="1.0" encoding="UTF-8"?><testsuite name="nosetests" tests="1" errors="1" failures="0" skip="0"><testcase classname="qa.ui_tests.test_lbaas_pools.TestPools" name="test_04_disable_service" time="27.155"><error type="selenium.common.exceptions.WebDriverException" message="Message: u'Modal dialog present' ; Stacktrace: Method nsCommandProcessor.prototype.execute threw an error in file:///tmp/tmpiAiSc0/extensions/fxdriver@googlecode.com/components/command_processor.js &#10;-------------------- &gt;&gt; begin captured logging &lt;&lt; --------------------&#10;selenium.webdriver.remote.remote_connection: DEBUG: POST http://127.0.0.1:42240/hub/session {&quot;sessionId&quot;: null, &quot;desiredCapabilities&quot;: {&quot;platform&quot;: &quot;ANY&quot;, &quot;browserName&quot;: &quot;firefox&quot;, &quot;version&quot;: &quot;&quot;, &quot;javascriptEnabled&quot;: true}}&#10;selenium.webdriver.remote.remote_connection: DEBUG: POST http://127.0.0.1:42240/hub/session/6933c863-9388-42e8-88f2-04d19bae6830/window/current/maximize {&quot;windowHandle&quot;: &quot;current&quot;, &quot;sessionId&quot;: &quot;6933c863-9388-42e8-88f2-04d19bae6830&quot;}&#10;selenium.webdriver.remote.remote_connection: DEBUG: POST http://127.0.0.1:42240/hub/session/6933c863-9388-42e8-88f2-04d19bae6830/timeouts/implicit_wait {&quot;sessionId&quot;: &quot;6933c863-9388-42e8-88f2-04d19bae6830&quot;, &quot;ms&quot;: 10000.0}&#10;selenium.webdriver.remote.remote_connection: DEBUG: POST http://127.0.0.1:42240/hub/session/6933c863-9388-42e8-88f2-04d19bae6830/url {&quot;url&quot;: &quot;http://172.18.198.44:8080/&quot;, &quot;sessionId&quot;: &quot;6933c863-9388-42e8-88f2-04d19bae6830&quot;}&#10;requests.packages.urllib3.connectionpool: INFO: Starting new HTTP connection (1): 172.18.198.44&#10;requests.packages.urllib3.connectionpool: DEBUG: &quot;POST /auth/signIn.json HTTP/1.1&quot; 200 None&#10;selenium.webdriver.remote.remote_connection: DEBUG: POST http://127.0.0.1:42240/hub/session/6933c863-9388-42e8-88f2-04d19bae6830/timeouts/implicit_wait {&quot;sessionId&quot;: &quot;6933c863-9388-42e8-88f2-04d19bae6830&quot;, &quot;ms&quot;: 0.0}&#10;selenium.webdriver.remote.remote_connection: DEBUG: POST http://127.0.0.1:42240/hub/session/6933c863-9388-42e8-88f2-04d19bae6830/timeouts/implicit_wait {&quot;sessionId&quot;: &quot;6933c863-9388-42e8-88f2-04d19bae6830&quot;, &quot;ms&quot;: 0.0}&#10;selenium.webdriver.remote.remote_connection: DEBUG: POST http://127.0.0.1:42240/hub/session/6933c863-9388-42e8-88f2-04d19bae6830/element {&quot;using&quot;: &quot;id&quot;, &quot;sessionId&quot;: &quot;6933c863-9388-42e8-88f2-04d19bae6830&quot;, &quot;value&quot;: &quot;authentication&quot;}&#10;selenium.webdriver.remote.remote_connection: DEBUG: POST http://127.0.0.1:42240/hub/session/6933c863-9388-42e8-88f2-04d19bae6830/timeouts/implicit_wait {&quot;sessionId&quot;: &quot;6933c863-9388-42e8-88f2-04d19bae6830&quot;, &quot;ms&quot;: 10000.0}&#10;selenium.webdriver.remote.remote_connection: DEBUG: POST http://127.0.0.1:42240/hub/session/6933c863-9388-42e8-88f2-04d19bae6830/element {&quot;using&quot;: &quot;id&quot;, &quot;sessionId&quot;: &quot;6933c863-9388-42e8-88f2-04d19bae6830&quot;, &quot;value&quot;: &quot;username&quot;}&#10;selenium.webdriver.remote.remote_connection: DEBUG: POST http://127.0.0.1:42240/hub/session/6933c863-9388-42e8-88f2-04d19bae6830/element/{bf43873f-a8d6-45cb-b876-4105c8b2c5e3}/clear {&quot;sessionId&quot;: &quot;6933c863-9388-42e8-88f2-04d19bae6830&quot;, &quot;id&quot;: &quot;{bf43873f-a8d6-45cb-b876-4105c8b2c5e3}&quot;}&#10;selenium.webdriver.remote.remote_connection: DEBUG: POST http://127.0.0.1:42240/hub/session/6933c863-9388-42e8-88f2-04d19bae6830/element/{bf43873f-a8d6-45cb-b876-4105c8b2c5e3}/value {&quot;sessionId&quot;: &quot;6933c863-9388-42e8-88f2-04d19bae6830&quot;, &quot;id&quot;: &quot;{bf43873f-a8d6-45cb-b876-4105c8b2c5e3}&quot;, &quot;value&quot;: [&quot;a&quot;, &quot;d&quot;, &quot;m&quot;, &quot;i&quot;, &quot;n&quot;]}&#10;selenium.webdriver.remote.remote_connection: DEBUG: POST http://127.0.0.1:42240/hub/session/6933c863-9388-42e8-88f2-04d19bae6830/execute {&quot;sessionId&quot;: &quot;6933c863-9388-42e8-88f2-04d19bae6830&quot;, &quot;args&quot;: [], &quot;script&quot;: &quot;return window.jQuery.active == 0;&quot;}&#10;selenium.webdriver.remote.remote_connection: DEBUG: POST http://127.0.0.1:42240/hub/session/6933c863-9388-42e8-88f2-04d19bae6830/element {&quot;using&quot;: &quot;id&quot;, &quot;sessionId&quot;: &quot;6933c863-9388-42e8-88f2-04d19bae6830&quot;, &quot;value&quot;: &quot;password&quot;}&#10;selenium.webdriver.remote.remote_connection: DEBUG: POST http://127.0.0.1:42240/hub/session/6933c863-9388-42e8-88f2-04d19bae6830/element/{14985126-191c-4295-bd03-650b64a584a3}/clear {&quot;sessionId&quot;: &quot;6933c863-9388-42e8-88f2-04d19bae6830&quot;, &quot;id&quot;: &quot;{14985126-191c-4295-bd03-650b64a584a3}&quot;}&#10;selenium.webdriver.remote.remote_connection: DEBUG: POST http://127.0.0.1:42240/hub/session/6933c863-9388-42e8-88f2-04d19bae6830/element/{14985126-191c-4295-bd03-650b64a584a3}/value {&quot;sessionId&quot;: &quot;6933c863-9388-42e8-88f2-04d19bae6830&quot;, &quot;id&quot;: &quot;{14985126-191c-4295-bd03-650b64a584a3}&quot;, &quot;value&quot;: [&quot;l&quot;, &quot;o&quot;, &quot;c&quot;, &quot;a&quot;, &quot;l&quot;, &quot;1&quot;, &quot;l&quot;, &quot;a&quot;, &quot;b&quot;]}&#10;selenium.webdriver.remote.remote_connection: DEBUG: POST http://127.0.0.1:42240/hub/session/6933c863-9388-42e8-88f2-04d19bae6830/execute {&quot;sessionId&quot;: &quot;6933c863-9388-42e8-88f2-04d19bae6830&quot;, &quot;args&quot;: [], &quot;script&quot;: &quot;return window.jQuery.active == 0;&quot;}&#10;selenium.webdriver.remote.remote_connection: DEBUG: POST http://127.0.0.1:42240/hub/session/6933c863-9388-42e8-88f2-04d19bae6830/element {&quot;using&quot;: &quot;id&quot;, &quot;sessionId&quot;: &quot;6933c863-9388-42e8-88f2-04d19bae6830&quot;, &quot;value&quot;: &quot;submit&quot;}&#10;selenium.webdriver.remote.remote_connection: DEBUG: POST http://127.0.0.1:42240/hub/session/6933c863-9388-42e8-88f2-04d19bae6830/element/{9b45cd67-5b2f-42d6-a5c1-8fc309e8a144}/click {&quot;sessionId&quot;: &quot;6933c863-9388-42e8-88f2-04d19bae6830&quot;, &quot;id&quot;: &quot;{9b45cd67-5b2f-42d6-a5c1-8fc309e8a144}&quot;}&#10;selenium.webdriver.remote.remote_connection: DEBUG: POST http://127.0.0.1:42240/hub/session/6933c863-9388-42e8-88f2-04d19bae6830/execute {&quot;sessionId&quot;: &quot;6933c863-9388-42e8-88f2-04d19bae6830&quot;, &quot;args&quot;: [], &quot;script&quot;: &quot;return document.readyState == \&quot;complete\&quot;;&quot;}&#10;selenium.webdriver.remote.remote_connection: DEBUG: POST http://127.0.0.1:42240/hub/session/6933c863-9388-42e8-88f2-04d19bae6830/element {&quot;using&quot;: &quot;id&quot;, &quot;sessionId&quot;: &quot;6933c863-9388-42e8-88f2-04d19bae6830&quot;, &quot;value&quot;: &quot;authentication&quot;}&#10;selenium.webdriver.remote.remote_connection: DEBUG: POST http://127.0.0.1:42240/hub/session/6933c863-9388-42e8-88f2-04d19bae6830/element {&quot;using&quot;: &quot;id&quot;, &quot;sessionId&quot;: &quot;6933c863-9388-42e8-88f2-04d19bae6830&quot;, &quot;value&quot;: &quot;nav-lbaas-listPools-root&quot;}&#10;selenium.webdriver.remote.remote_connection: DEBUG: POST http://127.0.0.1:42240/hub/session/6933c863-9388-42e8-88f2-04d19bae6830/moveto {&quot;sessionId&quot;: &quot;6933c863-9388-42e8-88f2-04d19bae6830&quot;, &quot;element&quot;: &quot;{db6abe45-e3f9-479d-843a-a32adc3aeea4}&quot;}&#10;selenium.webdriver.remote.remote_connection: DEBUG: POST http://127.0.0.1:42240/hub/session/6933c863-9388-42e8-88f2-04d19bae6830/element {&quot;using&quot;: &quot;id&quot;, &quot;sessionId&quot;: &quot;6933c863-9388-42e8-88f2-04d19bae6830&quot;, &quot;value&quot;: &quot;nav-lbaas-listPools&quot;}&#10;selenium.webdriver.remote.remote_connection: DEBUG: POST http://127.0.0.1:42240/hub/session/6933c863-9388-42e8-88f2-04d19bae6830/element/{ea18b167-b26d-4ad2-8ea8-db1f8da33304}/click {&quot;sessionId&quot;: &quot;6933c863-9388-42e8-88f2-04d19bae6830&quot;, &quot;id&quot;: &quot;{ea18b167-b26d-4ad2-8ea8-db1f8da33304}&quot;}&#10;selenium.webdriver.remote.remote_connection: DEBUG: POST http://127.0.0.1:42240/hub/session/6933c863-9388-42e8-88f2-04d19bae6830/execute {&quot;sessionId&quot;: &quot;6933c863-9388-42e8-88f2-04d19bae6830&quot;, &quot;args&quot;: [], &quot;script&quot;: &quot;return document.readyState == \&quot;complete\&quot;;&quot;}&#10;selenium.webdriver.remote.remote_connection: DEBUG: POST http://127.0.0.1:42240/hub/session/6933c863-9388-42e8-88f2-04d19bae6830/timeouts/implicit_wait {&quot;sessionId&quot;: &quot;6933c863-9388-42e8-88f2-04d19bae6830&quot;, &quot;ms&quot;: 0.0}&#10;selenium.webdriver.remote.remote_connection: DEBUG: POST http://127.0.0.1:42240/hub/session/6933c863-9388-42e8-88f2-04d19bae6830/element {&quot;using&quot;: &quot;id&quot;, &quot;sessionId&quot;: &quot;6933c863-9388-42e8-88f2-04d19bae6830&quot;, &quot;value&quot;: &quot;filter&quot;}&#10;selenium.webdriver.remote.remote_connection: DEBUG: POST http://127.0.0.1:42240/hub/session/6933c863-9388-42e8-88f2-04d19bae6830/element {&quot;using&quot;: &quot;id&quot;, &quot;sessionId&quot;: &quot;6933c863-9388-42e8-88f2-04d19bae6830&quot;, &quot;value&quot;: &quot;filter&quot;}&#10;selenium.webdriver.remote.remote_connection: DEBUG: POST http://127.0.0.1:42240/hub/session/6933c863-9388-42e8-88f2-04d19bae6830/element/{d4690783-e7bb-4b9d-9b1f-5e3562667a8d}/clear {&quot;sessionId&quot;: &quot;6933c863-9388-42e8-88f2-04d19bae6830&quot;, &quot;id&quot;: &quot;{d4690783-e7bb-4b9d-9b1f-5e3562667a8d}&quot;}&#10;selenium.webdriver.remote.remote_connection: DEBUG: POST http://127.0.0.1:42240/hub/session/6933c863-9388-42e8-88f2-04d19bae6830/element {&quot;using&quot;: &quot;link text&quot;, &quot;sessionId&quot;: &quot;6933c863-9388-42e8-88f2-04d19bae6830&quot;, &quot;value&quot;: &quot;ui_X4EG&quot;}&#10;selenium.webdriver.remote.remote_connection: DEBUG: POST http://127.0.0.1:42240/hub/session/6933c863-9388-42e8-88f2-04d19bae6830/element/{3ac75115-95f8-40de-8cb2-ba1f8b06eaa4}/click {&quot;sessionId&quot;: &quot;6933c863-9388-42e8-88f2-04d19bae6830&quot;, &quot;id&quot;: &quot;{3ac75115-95f8-40de-8cb2-ba1f8b06eaa4}&quot;}&#10;selenium.webdriver.remote.remote_connection: DEBUG: POST http://127.0.0.1:42240/hub/session/6933c863-9388-42e8-88f2-04d19bae6830/execute {&quot;sessionId&quot;: &quot;6933c863-9388-42e8-88f2-04d19bae6830&quot;, &quot;args&quot;: [], &quot;script&quot;: &quot;return document.readyState == \&quot;complete\&quot;;&quot;}&#10;selenium.webdriver.remote.remote_connection: DEBUG: POST http://127.0.0.1:42240/hub/session/6933c863-9388-42e8-88f2-04d19bae6830/elements {&quot;using&quot;: &quot;xpath&quot;, &quot;sessionId&quot;: &quot;6933c863-9388-42e8-88f2-04d19bae6830&quot;, &quot;value&quot;: &quot;//*[@id='table_lbassServices']/thead/tr/th&quot;}&#10;selenium.webdriver.remote.remote_connection: DEBUG: GET http://127.0.0.1:42240/hub/session/6933c863-9388-42e8-88f2-04d19bae6830/element/{14e2ad92-7cfb-4b5c-b649-26588d232130}/text {&quot;sessionId&quot;: &quot;6933c863-9388-42e8-88f2-04d19bae6830&quot;, &quot;id&quot;: &quot;{14e2ad92-7cfb-4b5c-b649-26588d232130}&quot;}&#10;selenium.webdriver.remote.remote_connection: DEBUG: GET http://127.0.0.1:42240/hub/session/6933c863-9388-42e8-88f2-04d19bae6830/element/{a23bc0f9-8083-4f70-90e7-3bf82d157fb7}/text {&quot;sessionId&quot;: &quot;6933c863-9388-42e8-88f2-04d19bae6830&quot;, &quot;id&quot;: &quot;{a23bc0f9-8083-4f70-90e7-3bf82d157fb7}&quot;}&#10;selenium.webdriver.remote.remote_connection: DEBUG: GET http://127.0.0.1:42240/hub/session/6933c863-9388-42e8-88f2-04d19bae6830/element/{0bb83a4c-0b13-44ab-9091-6d9426ebd61e}/text {&quot;sessionId&quot;: &quot;6933c863-9388-42e8-88f2-04d19bae6830&quot;, &quot;id&quot;: &quot;{0bb83a4c-0b13-44ab-9091-6d9426ebd61e}&quot;}&#10;selenium.webdriver.remote.remote_connection: DEBUG: GET http://127.0.0.1:42240/hub/session/6933c863-9388-42e8-88f2-04d19bae6830/element/{0bacb15c-1641-4f14-88fc-b0ac8d02f12a}/text {&quot;sessionId&quot;: &quot;6933c863-9388-42e8-88f2-04d19bae6830&quot;, &quot;id&quot;: &quot;{0bacb15c-1641-4f14-88fc-b0ac8d02f12a}&quot;}&#10;selenium.webdriver.remote.remote_connection: DEBUG: GET http://127.0.0.1:42240/hub/session/6933c863-9388-42e8-88f2-04d19bae6830/element/{9d2716ff-e94a-4e55-9a3b-75378b732e32}/text {&quot;sessionId&quot;: &quot;6933c863-9388-42e8-88f2-04d19bae6830&quot;, &quot;id&quot;: &quot;{9d2716ff-e94a-4e55-9a3b-75378b732e32}&quot;}&#10;selenium.webdriver.remote.remote_connection: DEBUG: POST http://127.0.0.1:42240/hub/session/6933c863-9388-42e8-88f2-04d19bae6830/elements {&quot;using&quot;: &quot;xpath&quot;, &quot;sessionId&quot;: &quot;6933c863-9388-42e8-88f2-04d19bae6830&quot;, &quot;value&quot;: &quot;//*[@id='table_lbassServices']/tbody/tr[not(contains(@style, 'display: none'))]&quot;}&#10;selenium.webdriver.remote.remote_connection: DEBUG: POST http://127.0.0.1:42240/hub/session/6933c863-9388-42e8-88f2-04d19bae6830/element/{1d31da03-1121-4c46-845f-65a8674769d4}/elements {&quot;using&quot;: &quot;xpath&quot;, &quot;sessionId&quot;: &quot;6933c863-9388-42e8-88f2-04d19bae6830&quot;, &quot;id&quot;: &quot;{1d31da03-1121-4c46-845f-65a8674769d4}&quot;, &quot;value&quot;: &quot;td&quot;}&#10;selenium.webdriver.remote.remote_connection: DEBUG: POST http://127.0.0.1:42240/hub/session/6933c863-9388-42e8-88f2-04d19bae6830/element/{60b4658f-a508-4376-a6ff-b44447449da3}/element {&quot;using&quot;: &quot;xpath&quot;, &quot;sessionId&quot;: &quot;6933c863-9388-42e8-88f2-04d19bae6830&quot;, &quot;id&quot;: &quot;{60b4658f-a508-4376-a6ff-b44447449da3}&quot;, &quot;value&quot;: &quot;./input[contains(@id, 'checkBox')]&quot;}&#10;selenium.webdriver.remote.remote_connection: DEBUG: GET http://127.0.0.1:42240/hub/session/6933c863-9388-42e8-88f2-04d19bae6830/element/{948cd5b7-557e-4bae-b062-7a1d25ece9d4}/text {&quot;sessionId&quot;: &quot;6933c863-9388-42e8-88f2-04d19bae6830&quot;, &quot;id&quot;: &quot;{948cd5b7-557e-4bae-b062-7a1d25ece9d4}&quot;}&#10;selenium.webdriver.remote.remote_connection: DEBUG: GET http://127.0.0.1:42240/hub/session/6933c863-9388-42e8-88f2-04d19bae6830/element/{81956081-969d-47df-9d95-8f5d7e4e436c}/text {&quot;sessionId&quot;: &quot;6933c863-9388-42e8-88f2-04d19bae6830&quot;, &quot;id&quot;: &quot;{81956081-969d-47df-9d95-8f5d7e4e436c}&quot;}&#10;selenium.webdriver.remote.remote_connection: DEBUG: GET http://127.0.0.1:42240/hub/session/6933c863-9388-42e8-88f2-04d19bae6830/element/{7dab65bf-6a65-450a-b714-3446b8daa195}/text {&quot;sessionId&quot;: &quot;6933c863-9388-42e8-88f2-04d19bae6830&quot;, &quot;id&quot;: &quot;{7dab65bf-6a65-450a-b714-3446b8daa195}&quot;}&#10;selenium.webdriver.remote.remote_connection: DEBUG: GET http://127.0.0.1:42240/hub/session/6933c863-9388-42e8-88f2-04d19bae6830/element/{bb4db546-d3b4-49b3-b78d-31d21a1a7c1a}/text {&quot;sessionId&quot;: &quot;6933c863-9388-42e8-88f2-04d19bae6830&quot;, &quot;id&quot;: &quot;{bb4db546-d3b4-49b3-b78d-31d21a1a7c1a}&quot;}&#10;selenium.webdriver.remote.remote_connection: DEBUG: POST http://127.0.0.1:42240/hub/session/6933c863-9388-42e8-88f2-04d19bae6830/element/{aa77d161-307f-497a-85d7-f49da93475c2}/click {&quot;sessionId&quot;: &quot;6933c863-9388-42e8-88f2-04d19bae6830&quot;, &quot;id&quot;: &quot;{aa77d161-307f-497a-85d7-f49da93475c2}&quot;}&#10;selenium.webdriver.remote.remote_connection: DEBUG: POST http://127.0.0.1:42240/hub/session/6933c863-9388-42e8-88f2-04d19bae6830/execute {&quot;sessionId&quot;: &quot;6933c863-9388-42e8-88f2-04d19bae6830&quot;, &quot;args&quot;: [], &quot;script&quot;: &quot;return document.readyState == \&quot;complete\&quot;;&quot;}&#10;selenium.webdriver.remote.remote_connection: DEBUG: POST http://127.0.0.1:42240/hub/session/6933c863-9388-42e8-88f2-04d19bae6830/element {&quot;using&quot;: &quot;id&quot;, &quot;sessionId&quot;: &quot;6933c863-9388-42e8-88f2-04d19bae6830&quot;, &quot;value&quot;: &quot;disable&quot;}&#10;selenium.webdriver.remote.remote_connection: DEBUG: POST http://127.0.0.1:42240/hub/session/6933c863-9388-42e8-88f2-04d19bae6830/element/{60432d7a-020a-4c56-b828-79f3c3841f7b}/click {&quot;sessionId&quot;: &quot;6933c863-9388-42e8-88f2-04d19bae6830&quot;, &quot;id&quot;: &quot;{60432d7a-020a-4c56-b828-79f3c3841f7b}&quot;}&#10;selenium.webdriver.remote.remote_connection: DEBUG: POST http://127.0.0.1:42240/hub/session/6933c863-9388-42e8-88f2-04d19bae6830/execute {&quot;sessionId&quot;: &quot;6933c863-9388-42e8-88f2-04d19bae6830&quot;, &quot;args&quot;: [], &quot;script&quot;: &quot;return document.readyState == \&quot;complete\&quot;;&quot;}&#10;selenium.webdriver.remote.remote_connection: DEBUG: POST http://127.0.0.1:42240/hub/session/6933c863-9388-42e8-88f2-04d19bae6830/element {&quot;using&quot;: &quot;id&quot;, &quot;sessionId&quot;: &quot;6933c863-9388-42e8-88f2-04d19bae6830&quot;, &quot;value&quot;: &quot;btn-confirm&quot;}&#10;selenium.webdriver.remote.remote_connection: DEBUG: POST http://127.0.0.1:42240/hub/session/6933c863-9388-42e8-88f2-04d19bae6830/element/{447aaffc-b4e5-45fc-b8db-2718d974127a}/click {&quot;sessionId&quot;: &quot;6933c863-9388-42e8-88f2-04d19bae6830&quot;, &quot;id&quot;: &quot;{447aaffc-b4e5-45fc-b8db-2718d974127a}&quot;}&#10;selenium.webdriver.remote.remote_connection: DEBUG: POST http://127.0.0.1:42240/hub/session/6933c863-9388-42e8-88f2-04d19bae6830/execute {&quot;sessionId&quot;: &quot;6933c863-9388-42e8-88f2-04d19bae6830&quot;, &quot;args&quot;: [], &quot;script&quot;: &quot;return document.readyState == \&quot;complete\&quot;;&quot;}&#10;selenium.webdriver.remote.remote_connection: DEBUG: POST http://127.0.0.1:42240/hub/session/6933c863-9388-42e8-88f2-04d19bae6830/refresh {&quot;sessionId&quot;: &quot;6933c863-9388-42e8-88f2-04d19bae6830&quot;}&#10;selenium.webdriver.remote.remote_connection: DEBUG: POST http://127.0.0.1:42240/hub/session/6933c863-9388-42e8-88f2-04d19bae6830/elements {&quot;using&quot;: &quot;xpath&quot;, &quot;sessionId&quot;: &quot;6933c863-9388-42e8-88f2-04d19bae6830&quot;, &quot;value&quot;: &quot;//*[@id='table_lbassServices']/thead/tr/th&quot;}&#10;--------------------- &gt;&gt; end captured logging &lt;&lt; ---------------------"><![CDATA[  File "/usr/lib/python2.7/unittest/case.py", line 327, in run
    testMethod()
  File "/usr/local/lib/python2.7/dist-packages/nose/case.py", line 197, in runTest
    self.test(*self.arg)
  File "/home/yuriy/git/aurora/qa/ui_tests/test_lbaas_pools.py", line 85, in test_04_disable_service
    rows = self.uidriver.wait_for_row_change(self.uimap.tbl_lbaasServices[1], rule)
  File "/home/yuriy/git/aurora/qa/ui_tests/fw/ui_driver.py", line 176, in wait_for_row_change
    res = self.common.waitfor(filter_table, timeout, step)
  File "/home/yuriy/git/aurora/qa/ui_tests/fw/common_helper.py", line 28, in waitfor
    if condition():
  File "/home/yuriy/git/aurora/qa/ui_tests/fw/ui_driver.py", line 174, in filter_table
    return self.find_row(table_id, evaluate_row)
  File "/home/yuriy/git/aurora/qa/ui_tests/fw/ui_driver.py", line 148, in find_row
    table = self.parse_table(table_id)
  File "/home/yuriy/git/aurora/qa/ui_tests/fw/ui_driver.py", line 117, in parse_table
    headers = [el.text for el in self.get_table_headers(table_id)]
  File "/home/yuriy/git/aurora/qa/ui_tests/fw/ui_driver.py", line 156, in get_table_headers
    return self.find_elements('xpath', "//*[@id='%s']/thead/tr/th" % table_id)
  File "/home/yuriy/git/aurora/qa/ui_tests/fw/ui_driver.py", line 223, in find_elements
    return self.webdriver.find_elements_by_xpath(locator)
  File "/usr/local/lib/python2.7/dist-packages/selenium/webdriver/remote/webdriver.py", line 229, in find_elements_by_xpath
    return self.find_elements(by=By.XPATH, value=xpath)
  File "/usr/local/lib/python2.7/dist-packages/selenium/webdriver/remote/webdriver.py", line 688, in find_elements
    {'using': by, 'value': value})['value']
  File "/usr/local/lib/python2.7/dist-packages/selenium/webdriver/remote/webdriver.py", line 160, in execute
    self.error_handler.check_response(response)
  File "/usr/local/lib/python2.7/dist-packages/selenium/webdriver/remote/errorhandler.py", line 149, in check_response
    raise exception_class(message, screen, stacktrace)
Message: u'Modal dialog present' ; Stacktrace: Method nsCommandProcessor.prototype.execute threw an error in file:///tmp/tmpiAiSc0/extensions/fxdriver@googlecode.com/components/command_processor.js 
-------------------- >> begin captured logging << --------------------
selenium.webdriver.remote.remote_connection: DEBUG: POST http://127.0.0.1:42240/hub/session {"sessionId": null, "desiredCapabilities": {"platform": "ANY", "browserName": "firefox", "version": "", "javascriptEnabled": true}}
selenium.webdriver.remote.remote_connection: DEBUG: POST http://127.0.0.1:42240/hub/session/6933c863-9388-42e8-88f2-04d19bae6830/window/current/maximize {"windowHandle": "current", "sessionId": "6933c863-9388-42e8-88f2-04d19bae6830"}
selenium.webdriver.remote.remote_connection: DEBUG: POST http://127.0.0.1:42240/hub/session/6933c863-9388-42e8-88f2-04d19bae6830/timeouts/implicit_wait {"sessionId": "6933c863-9388-42e8-88f2-04d19bae6830", "ms": 10000.0}
selenium.webdriver.remote.remote_connection: DEBUG: POST http://127.0.0.1:42240/hub/session/6933c863-9388-42e8-88f2-04d19bae6830/url {"url": "http://172.18.198.44:8080/", "sessionId": "6933c863-9388-42e8-88f2-04d19bae6830"}
requests.packages.urllib3.connectionpool: INFO: Starting new HTTP connection (1): 172.18.198.44
requests.packages.urllib3.connectionpool: DEBUG: "POST /auth/signIn.json HTTP/1.1" 200 None
selenium.webdriver.remote.remote_connection: DEBUG: POST http://127.0.0.1:42240/hub/session/6933c863-9388-42e8-88f2-04d19bae6830/timeouts/implicit_wait {"sessionId": "6933c863-9388-42e8-88f2-04d19bae6830", "ms": 0.0}
selenium.webdriver.remote.remote_connection: DEBUG: POST http://127.0.0.1:42240/hub/session/6933c863-9388-42e8-88f2-04d19bae6830/timeouts/implicit_wait {"sessionId": "6933c863-9388-42e8-88f2-04d19bae6830", "ms": 0.0}
selenium.webdriver.remote.remote_connection: DEBUG: POST http://127.0.0.1:42240/hub/session/6933c863-9388-42e8-88f2-04d19bae6830/element {"using": "id", "sessionId": "6933c863-9388-42e8-88f2-04d19bae6830", "value": "authentication"}
selenium.webdriver.remote.remote_connection: DEBUG: POST http://127.0.0.1:42240/hub/session/6933c863-9388-42e8-88f2-04d19bae6830/timeouts/implicit_wait {"sessionId": "6933c863-9388-42e8-88f2-04d19bae6830", "ms": 10000.0}
selenium.webdriver.remote.remote_connection: DEBUG: POST http://127.0.0.1:42240/hub/session/6933c863-9388-42e8-88f2-04d19bae6830/element {"using": "id", "sessionId": "6933c863-9388-42e8-88f2-04d19bae6830", "value": "username"}
selenium.webdriver.remote.remote_connection: DEBUG: POST http://127.0.0.1:42240/hub/session/6933c863-9388-42e8-88f2-04d19bae6830/element/{bf43873f-a8d6-45cb-b876-4105c8b2c5e3}/clear {"sessionId": "6933c863-9388-42e8-88f2-04d19bae6830", "id": "{bf43873f-a8d6-45cb-b876-4105c8b2c5e3}"}
selenium.webdriver.remote.remote_connection: DEBUG: POST http://127.0.0.1:42240/hub/session/6933c863-9388-42e8-88f2-04d19bae6830/element/{bf43873f-a8d6-45cb-b876-4105c8b2c5e3}/value {"sessionId": "6933c863-9388-42e8-88f2-04d19bae6830", "id": "{bf43873f-a8d6-45cb-b876-4105c8b2c5e3}", "value": ["a", "d", "m", "i", "n"]}
selenium.webdriver.remote.remote_connection: DEBUG: POST http://127.0.0.1:42240/hub/session/6933c863-9388-42e8-88f2-04d19bae6830/execute {"sessionId": "6933c863-9388-42e8-88f2-04d19bae6830", "args": [], "script": "return window.jQuery.active == 0;"}
selenium.webdriver.remote.remote_connection: DEBUG: POST http://127.0.0.1:42240/hub/session/6933c863-9388-42e8-88f2-04d19bae6830/element {"using": "id", "sessionId": "6933c863-9388-42e8-88f2-04d19bae6830", "value": "password"}
selenium.webdriver.remote.remote_connection: DEBUG: POST http://127.0.0.1:42240/hub/session/6933c863-9388-42e8-88f2-04d19bae6830/element/{14985126-191c-4295-bd03-650b64a584a3}/clear {"sessionId": "6933c863-9388-42e8-88f2-04d19bae6830", "id": "{14985126-191c-4295-bd03-650b64a584a3}"}
selenium.webdriver.remote.remote_connection: DEBUG: POST http://127.0.0.1:42240/hub/session/6933c863-9388-42e8-88f2-04d19bae6830/element/{14985126-191c-4295-bd03-650b64a584a3}/value {"sessionId": "6933c863-9388-42e8-88f2-04d19bae6830", "id": "{14985126-191c-4295-bd03-650b64a584a3}", "value": ["l", "o", "c", "a", "l", "1", "l", "a", "b"]}
selenium.webdriver.remote.remote_connection: DEBUG: POST http://127.0.0.1:42240/hub/session/6933c863-9388-42e8-88f2-04d19bae6830/execute {"sessionId": "6933c863-9388-42e8-88f2-04d19bae6830", "args": [], "script": "return window.jQuery.active == 0;"}
selenium.webdriver.remote.remote_connection: DEBUG: POST http://127.0.0.1:42240/hub/session/6933c863-9388-42e8-88f2-04d19bae6830/element {"using": "id", "sessionId": "6933c863-9388-42e8-88f2-04d19bae6830", "value": "submit"}
selenium.webdriver.remote.remote_connection: DEBUG: POST http://127.0.0.1:42240/hub/session/6933c863-9388-42e8-88f2-04d19bae6830/element/{9b45cd67-5b2f-42d6-a5c1-8fc309e8a144}/click {"sessionId": "6933c863-9388-42e8-88f2-04d19bae6830", "id": "{9b45cd67-5b2f-42d6-a5c1-8fc309e8a144}"}
selenium.webdriver.remote.remote_connection: DEBUG: POST http://127.0.0.1:42240/hub/session/6933c863-9388-42e8-88f2-04d19bae6830/execute {"sessionId": "6933c863-9388-42e8-88f2-04d19bae6830", "args": [], "script": "return document.readyState == \"complete\";"}
selenium.webdriver.remote.remote_connection: DEBUG: POST http://127.0.0.1:42240/hub/session/6933c863-9388-42e8-88f2-04d19bae6830/element {"using": "id", "sessionId": "6933c863-9388-42e8-88f2-04d19bae6830", "value": "authentication"}
selenium.webdriver.remote.remote_connection: DEBUG: POST http://127.0.0.1:42240/hub/session/6933c863-9388-42e8-88f2-04d19bae6830/element {"using": "id", "sessionId": "6933c863-9388-42e8-88f2-04d19bae6830", "value": "nav-lbaas-listPools-root"}
selenium.webdriver.remote.remote_connection: DEBUG: POST http://127.0.0.1:42240/hub/session/6933c863-9388-42e8-88f2-04d19bae6830/moveto {"sessionId": "6933c863-9388-42e8-88f2-04d19bae6830", "element": "{db6abe45-e3f9-479d-843a-a32adc3aeea4}"}
selenium.webdriver.remote.remote_connection: DEBUG: POST http://127.0.0.1:42240/hub/session/6933c863-9388-42e8-88f2-04d19bae6830/element {"using": "id", "sessionId": "6933c863-9388-42e8-88f2-04d19bae6830", "value": "nav-lbaas-listPools"}
selenium.webdriver.remote.remote_connection: DEBUG: POST http://127.0.0.1:42240/hub/session/6933c863-9388-42e8-88f2-04d19bae6830/element/{ea18b167-b26d-4ad2-8ea8-db1f8da33304}/click {"sessionId": "6933c863-9388-42e8-88f2-04d19bae6830", "id": "{ea18b167-b26d-4ad2-8ea8-db1f8da33304}"}
selenium.webdriver.remote.remote_connection: DEBUG: POST http://127.0.0.1:42240/hub/session/6933c863-9388-42e8-88f2-04d19bae6830/execute {"sessionId": "6933c863-9388-42e8-88f2-04d19bae6830", "args": [], "script": "return document.readyState == \"complete\";"}
selenium.webdriver.remote.remote_connection: DEBUG: POST http://127.0.0.1:42240/hub/session/6933c863-9388-42e8-88f2-04d19bae6830/timeouts/implicit_wait {"sessionId": "6933c863-9388-42e8-88f2-04d19bae6830", "ms": 0.0}
selenium.webdriver.remote.remote_connection: DEBUG: POST http://127.0.0.1:42240/hub/session/6933c863-9388-42e8-88f2-04d19bae6830/element {"using": "id", "sessionId": "6933c863-9388-42e8-88f2-04d19bae6830", "value": "filter"}
selenium.webdriver.remote.remote_connection: DEBUG: POST http://127.0.0.1:42240/hub/session/6933c863-9388-42e8-88f2-04d19bae6830/element {"using": "id", "sessionId": "6933c863-9388-42e8-88f2-04d19bae6830", "value": "filter"}
selenium.webdriver.remote.remote_connection: DEBUG: POST http://127.0.0.1:42240/hub/session/6933c863-9388-42e8-88f2-04d19bae6830/element/{d4690783-e7bb-4b9d-9b1f-5e3562667a8d}/clear {"sessionId": "6933c863-9388-42e8-88f2-04d19bae6830", "id": "{d4690783-e7bb-4b9d-9b1f-5e3562667a8d}"}
selenium.webdriver.remote.remote_connection: DEBUG: POST http://127.0.0.1:42240/hub/session/6933c863-9388-42e8-88f2-04d19bae6830/element {"using": "link text", "sessionId": "6933c863-9388-42e8-88f2-04d19bae6830", "value": "ui_X4EG"}
selenium.webdriver.remote.remote_connection: DEBUG: POST http://127.0.0.1:42240/hub/session/6933c863-9388-42e8-88f2-04d19bae6830/element/{3ac75115-95f8-40de-8cb2-ba1f8b06eaa4}/click {"sessionId": "6933c863-9388-42e8-88f2-04d19bae6830", "id": "{3ac75115-95f8-40de-8cb2-ba1f8b06eaa4}"}
selenium.webdriver.remote.remote_connection: DEBUG: POST http://127.0.0.1:42240/hub/session/6933c863-9388-42e8-88f2-04d19bae6830/execute {"sessionId": "6933c863-9388-42e8-88f2-04d19bae6830", "args": [], "script": "return document.readyState == \"complete\";"}
selenium.webdriver.remote.remote_connection: DEBUG: POST http://127.0.0.1:42240/hub/session/6933c863-9388-42e8-88f2-04d19bae6830/elements {"using": "xpath", "sessionId": "6933c863-9388-42e8-88f2-04d19bae6830", "value": "//*[@id='table_lbassServices']/thead/tr/th"}
selenium.webdriver.remote.remote_connection: DEBUG: GET http://127.0.0.1:42240/hub/session/6933c863-9388-42e8-88f2-04d19bae6830/element/{14e2ad92-7cfb-4b5c-b649-26588d232130}/text {"sessionId": "6933c863-9388-42e8-88f2-04d19bae6830", "id": "{14e2ad92-7cfb-4b5c-b649-26588d232130}"}
selenium.webdriver.remote.remote_connection: DEBUG: GET http://127.0.0.1:42240/hub/session/6933c863-9388-42e8-88f2-04d19bae6830/element/{a23bc0f9-8083-4f70-90e7-3bf82d157fb7}/text {"sessionId": "6933c863-9388-42e8-88f2-04d19bae6830", "id": "{a23bc0f9-8083-4f70-90e7-3bf82d157fb7}"}
selenium.webdriver.remote.remote_connection: DEBUG: GET http://127.0.0.1:42240/hub/session/6933c863-9388-42e8-88f2-04d19bae6830/element/{0bb83a4c-0b13-44ab-9091-6d9426ebd61e}/text {"sessionId": "6933c863-9388-42e8-88f2-04d19bae6830", "id": "{0bb83a4c-0b13-44ab-9091-6d9426ebd61e}"}
selenium.webdriver.remote.remote_connection: DEBUG: GET http://127.0.0.1:42240/hub/session/6933c863-9388-42e8-88f2-04d19bae6830/element/{0bacb15c-1641-4f14-88fc-b0ac8d02f12a}/text {"sessionId": "6933c863-9388-42e8-88f2-04d19bae6830", "id": "{0bacb15c-1641-4f14-88fc-b0ac8d02f12a}"}
selenium.webdriver.remote.remote_connection: DEBUG: GET http://127.0.0.1:42240/hub/session/6933c863-9388-42e8-88f2-04d19bae6830/element/{9d2716ff-e94a-4e55-9a3b-75378b732e32}/text {"sessionId": "6933c863-9388-42e8-88f2-04d19bae6830", "id": "{9d2716ff-e94a-4e55-9a3b-75378b732e32}"}
selenium.webdriver.remote.remote_connection: DEBUG: POST http://127.0.0.1:42240/hub/session/6933c863-9388-42e8-88f2-04d19bae6830/elements {"using": "xpath", "sessionId": "6933c863-9388-42e8-88f2-04d19bae6830", "value": "//*[@id='table_lbassServices']/tbody/tr[not(contains(@style, 'display: none'))]"}
selenium.webdriver.remote.remote_connection: DEBUG: POST http://127.0.0.1:42240/hub/session/6933c863-9388-42e8-88f2-04d19bae6830/element/{1d31da03-1121-4c46-845f-65a8674769d4}/elements {"using": "xpath", "sessionId": "6933c863-9388-42e8-88f2-04d19bae6830", "id": "{1d31da03-1121-4c46-845f-65a8674769d4}", "value": "td"}
selenium.webdriver.remote.remote_connection: DEBUG: POST http://127.0.0.1:42240/hub/session/6933c863-9388-42e8-88f2-04d19bae6830/element/{60b4658f-a508-4376-a6ff-b44447449da3}/element {"using": "xpath", "sessionId": "6933c863-9388-42e8-88f2-04d19bae6830", "id": "{60b4658f-a508-4376-a6ff-b44447449da3}", "value": "./input[contains(@id, 'checkBox')]"}
selenium.webdriver.remote.remote_connection: DEBUG: GET http://127.0.0.1:42240/hub/session/6933c863-9388-42e8-88f2-04d19bae6830/element/{948cd5b7-557e-4bae-b062-7a1d25ece9d4}/text {"sessionId": "6933c863-9388-42e8-88f2-04d19bae6830", "id": "{948cd5b7-557e-4bae-b062-7a1d25ece9d4}"}
selenium.webdriver.remote.remote_connection: DEBUG: GET http://127.0.0.1:42240/hub/session/6933c863-9388-42e8-88f2-04d19bae6830/element/{81956081-969d-47df-9d95-8f5d7e4e436c}/text {"sessionId": "6933c863-9388-42e8-88f2-04d19bae6830", "id": "{81956081-969d-47df-9d95-8f5d7e4e436c}"}
selenium.webdriver.remote.remote_connection: DEBUG: GET http://127.0.0.1:42240/hub/session/6933c863-9388-42e8-88f2-04d19bae6830/element/{7dab65bf-6a65-450a-b714-3446b8daa195}/text {"sessionId": "6933c863-9388-42e8-88f2-04d19bae6830", "id": "{7dab65bf-6a65-450a-b714-3446b8daa195}"}
selenium.webdriver.remote.remote_connection: DEBUG: GET http://127.0.0.1:42240/hub/session/6933c863-9388-42e8-88f2-04d19bae6830/element/{bb4db546-d3b4-49b3-b78d-31d21a1a7c1a}/text {"sessionId": "6933c863-9388-42e8-88f2-04d19bae6830", "id": "{bb4db546-d3b4-49b3-b78d-31d21a1a7c1a}"}
selenium.webdriver.remote.remote_connection: DEBUG: POST http://127.0.0.1:42240/hub/session/6933c863-9388-42e8-88f2-04d19bae6830/element/{aa77d161-307f-497a-85d7-f49da93475c2}/click {"sessionId": "6933c863-9388-42e8-88f2-04d19bae6830", "id": "{aa77d161-307f-497a-85d7-f49da93475c2}"}
selenium.webdriver.remote.remote_connection: DEBUG: POST http://127.0.0.1:42240/hub/session/6933c863-9388-42e8-88f2-04d19bae6830/execute {"sessionId": "6933c863-9388-42e8-88f2-04d19bae6830", "args": [], "script": "return document.readyState == \"complete\";"}
selenium.webdriver.remote.remote_connection: DEBUG: POST http://127.0.0.1:42240/hub/session/6933c863-9388-42e8-88f2-04d19bae6830/element {"using": "id", "sessionId": "6933c863-9388-42e8-88f2-04d19bae6830", "value": "disable"}
selenium.webdriver.remote.remote_connection: DEBUG: POST http://127.0.0.1:42240/hub/session/6933c863-9388-42e8-88f2-04d19bae6830/element/{60432d7a-020a-4c56-b828-79f3c3841f7b}/click {"sessionId": "6933c863-9388-42e8-88f2-04d19bae6830", "id": "{60432d7a-020a-4c56-b828-79f3c3841f7b}"}
selenium.webdriver.remote.remote_connection: DEBUG: POST http://127.0.0.1:42240/hub/session/6933c863-9388-42e8-88f2-04d19bae6830/execute {"sessionId": "6933c863-9388-42e8-88f2-04d19bae6830", "args": [], "script": "return document.readyState == \"complete\";"}
selenium.webdriver.remote.remote_connection: DEBUG: POST http://127.0.0.1:42240/hub/session/6933c863-9388-42e8-88f2-04d19bae6830/element {"using": "id", "sessionId": "6933c863-9388-42e8-88f2-04d19bae6830", "value": "btn-confirm"}
selenium.webdriver.remote.remote_connection: DEBUG: POST http://127.0.0.1:42240/hub/session/6933c863-9388-42e8-88f2-04d19bae6830/element/{447aaffc-b4e5-45fc-b8db-2718d974127a}/click {"sessionId": "6933c863-9388-42e8-88f2-04d19bae6830", "id": "{447aaffc-b4e5-45fc-b8db-2718d974127a}"}
selenium.webdriver.remote.remote_connection: DEBUG: POST http://127.0.0.1:42240/hub/session/6933c863-9388-42e8-88f2-04d19bae6830/execute {"sessionId": "6933c863-9388-42e8-88f2-04d19bae6830", "args": [], "script": "return document.readyState == \"complete\";"}
selenium.webdriver.remote.remote_connection: DEBUG: POST http://127.0.0.1:42240/hub/session/6933c863-9388-42e8-88f2-04d19bae6830/refresh {"sessionId": "6933c863-9388-42e8-88f2-04d19bae6830"}
selenium.webdriver.remote.remote_connection: DEBUG: POST http://127.0.0.1:42240/hub/session/6933c863-9388-42e8-88f2-04d19bae6830/elements {"using": "xpath", "sessionId": "6933c863-9388-42e8-88f2-04d19bae6830", "value": "//*[@id='table_lbassServices']/thead/tr/th"}
--------------------- >> end captured logging << ---------------------]]></error></testcase></testsuite>